<?xml version="1.0" encoding="UTF-8"?>
<coverage generated="1773711821609" clover="3.2.0">
  <project timestamp="1773711821609" name="All files">
    <metrics statements="12" coveredstatements="8" conditionals="2" coveredconditionals="2" methods="4" coveredmethods="3" elements="18" coveredelements="13" complexity="0" loc="12" ncloc="12" packages="2" files="4" classes="4"/>
    <package name="src">
      <metrics statements="12" coveredstatements="8" conditionals="2" coveredconditionals="2" methods="4" coveredmethods="3"/>
      <file name="App.tsx" path="C:\Users\SUPERSHOPEP\Desktop\Prueba Tecnica\BanistmoDevOps\petbook-app\src\App.tsx">
        <metrics statements="12" coveredstatements="8" conditionals="2" coveredconditionals="2" methods="4" coveredmethods="3"/>
        <line num="13" count="1" type="stmt"/>
        <line num="23" count="4" type="stmt"/>
        <line num="24" count="4" type="stmt"/>
        <line num="26" count="4" type="stmt"/>
        <line num="27" count="1" type="stmt"/>
        <line num="29" count="1" type="stmt"/>
        <line num="30" count="0" type="stmt"/>
        <line num="36" count="0" type="stmt"/>
        <line num="37" count="0" type="stmt"/>
        <line num="38" count="0" type="stmt"/>
        <line num="42" count="4" type="stmt"/>
        <line num="66" count="24" type="stmt"/>
      </file>
      <file name="index.css" path="C:\Users\SUPERSHOPEP\Desktop\Prueba Tecnica\BanistmoDevOps\petbook-app\src\index.css">
        <metrics statements="0" coveredstatements="0" conditionals="0" coveredconditionals="0" methods="0" coveredmethods="0"/>
      </file>
    </package>
    <package name="src.assets">
      <metrics statements="0" coveredstatements="0" conditionals="0" coveredconditionals="0" methods="0" coveredmethods="0"/>
      <file name="gallery.png" path="C:\Users\SUPERSHOPEP\Desktop\Prueba Tecnica\BanistmoDevOps\petbook-app\src\assets\gallery.png">
        <metrics statements="0" coveredstatements="0" conditionals="0" coveredconditionals="0" methods="0" coveredmethods="0"/>
      </file>
      <file name="logo.png" path="C:\Users\SUPERSHOPEP\Desktop\Prueba Tecnica\BanistmoDevOps\petbook-app\src\assets\logo.png">
        <metrics statements="0" coveredstatements="0" conditionals="0" coveredconditionals="0" methods="0" coveredmethods="0"/>
      </file>
    </package>
  </project>
</coverage>
