{"C:\\Users\\SUPERSHOPEP\\Desktop\\Prueba Tecnica\\BanistmoDevOps\\petbook-app\\src\\App.tsx": {"path":"C:\\Users\\SUPERSHOPEP\\Desktop\\Prueba Tecnica\\BanistmoDevOps\\petbook-app\\src\\App.tsx","statementMap":{"0":{"start":{"line":13,"column":30},"end":{"line":20,"column":null}},"1":{"start":{"line":23,"column":16},"end":{"line":23,"column":59}},"2":{"start":{"line":24,"column":22},"end":{"line":24,"column":55}},"3":{"start":{"line":26,"column":8},"end":{"line":39,"column":null}},"4":{"start":{"line":27,"column":4},"end":{"line":27,"column":null}},"5":{"start":{"line":29,"column":4},"end":{"line":39,"column":null}},"6":{"start":{"line":30,"column":28},"end":{"line":35,"column":null}},"7":{"start":{"line":36,"column":6},"end":{"line":36,"column":null}},"8":{"start":{"line":37,"column":6},"end":{"line":37,"column":null}},"9":{"start":{"line":38,"column":6},"end":{"line":38,"column":null}},"10":{"start":{"line":42,"column":2},"end":{"line":83,"column":null}},"11":{"start":{"line":66,"column":12},"end":{"line":76,"column":null}}},"fnMap":{"0":{"name":"App","decl":{"start":{"line":22,"column":9},"end":{"line":22,"column":15}},"loc":{"start":{"line":22,"column":15},"end":{"line":83,"column":null}},"line":22},"1":{"name":"(anonymous_1)","decl":{"start":{"line":26,"column":8},"end":{"line":26,"column":29}},"loc":{"start":{"line":26,"column":29},"end":{"line":39,"column":null}},"line":26},"2":{"name":"(anonymous_2)","decl":{"start":{"line":29,"column":4},"end":{"line":29,"column":21}},"loc":{"start":{"line":29,"column":21},"end":{"line":39,"column":12}},"line":29},"3":{"name":"(anonymous_3)","decl":{"start":{"line":65,"column":17},"end":{"line":65,"column":22}},"loc":{"start":{"line":66,"column":12},"end":{"line":76,"column":null}},"line":66}},"branchMap":{"0":{"loc":{"start":{"line":54,"column":11},"end":{"line":54,"column":null}},"type":"cond-expr","locations":[{"start":{"line":54,"column":25},"end":{"line":54,"column":42}},{"start":{"line":54,"column":42},"end":{"line":54,"column":null}}],"line":54}},"s":{"0":1,"1":4,"2":4,"3":4,"4":1,"5":1,"6":0,"7":0,"8":0,"9":0,"10":4,"11":24},"f":{"0":4,"1":1,"2":0,"3":24},"b":{"0":[1,3]},"meta":{"lastBranch":1,"lastFunction":4,"lastStatement":12,"seen":{"s:13:30:20:Infinity":0,"f:22:9:22:15":0,"s:23:16:23:59":1,"s:24:22:24:55":2,"s:26:8:39:Infinity":3,"f:26:8:26:29":1,"s:27:4:27:Infinity":4,"s:29:4:39:Infinity":5,"f:29:4:29:21":2,"s:30:28:35:Infinity":6,"s:36:6:36:Infinity":7,"s:37:6:37:Infinity":8,"s:38:6:38:Infinity":9,"s:42:2:83:Infinity":10,"b:54:25:54:42:54:42:54:Infinity":0,"f:65:17:65:22":3,"s:66:12:76:Infinity":11}}}
,"C:\\Users\\SUPERSHOPEP\\Desktop\\Prueba Tecnica\\BanistmoDevOps\\petbook-app\\src\\index.css": {"path":"C:\\Users\\SUPERSHOPEP\\Desktop\\Prueba Tecnica\\BanistmoDevOps\\petbook-app\\src\\index.css","statementMap":{},"fnMap":{},"branchMap":{},"s":{},"f":{},"b":{},"meta":{"lastBranch":0,"lastFunction":0,"lastStatement":0,"seen":{}}}
,"C:\\Users\\SUPERSHOPEP\\Desktop\\Prueba Tecnica\\BanistmoDevOps\\petbook-app\\src\\assets\\gallery.png": {"path":"C:\\Users\\SUPERSHOPEP\\Desktop\\Prueba Tecnica\\BanistmoDevOps\\petbook-app\\src\\assets\\gallery.png","statementMap":{},"fnMap":{},"branchMap":{},"s":{},"f":{},"b":{},"meta":{"lastBranch":0,"lastFunction":0,"lastStatement":0,"seen":{}}}
,"C:\\Users\\SUPERSHOPEP\\Desktop\\Prueba Tecnica\\BanistmoDevOps\\petbook-app\\src\\assets\\logo.png": {"path":"C:\\Users\\SUPERSHOPEP\\Desktop\\Prueba Tecnica\\BanistmoDevOps\\petbook-app\\src\\assets\\logo.png","statementMap":{},"fnMap":{},"branchMap":{},"s":{},"f":{},"b":{},"meta":{"lastBranch":0,"lastFunction":0,"lastStatement":0,"seen":{}}}
}
